<?xml version="1.0" encoding="UTF-8"?>
<!-- Generated by org.testng.reporters.JUnitReportReporter -->
<testsuite hostname="DESKTOP-GDPFCKM" failures="0" tests="1" name="FlipKart_TestScripts.TC2_PocoMobileList" time="35.929" errors="0" timestamp="2022-04-29T21:31:36 IST" skipped="0">
  <testcase classname="FlipKart_TestScripts.TC2_PocoMobileList" name="TC2_PocoMobileList_test" time="35.929"/>
  <system-out/>
</testsuite> <!-- FlipKart_TestScripts.TC2_PocoMobileList -->
