<?xml version="1.0" encoding="UTF-8"?>
<!-- Generated by org.testng.reporters.JUnitReportReporter -->
<testsuite hostname="DESKTOP-GDPFCKM" failures="0" tests="1" name="testCases.TC2_addSymbolToWatchlist" time="12.902" errors="0" timestamp="2022-04-29T17:15:36 IST" skipped="0">
  <testcase classname="testCases.TC2_addSymbolToWatchlist" name="TC2_addSymbolToWatchlist_test" time="12.902"/>
  <system-out/>
</testsuite> <!-- testCases.TC2_addSymbolToWatchlist -->
