<?xml version="1.0" encoding="UTF-8"?>
<!-- Generated by org.testng.reporters.JUnitReportReporter -->
<testsuite hostname="DESKTOP-GDPFCKM" failures="0" tests="1" name="FlipKart_TestScripts.TC1_verifyUserFK" time="25.032" errors="0" timestamp="2022-04-29T21:25:48 IST" skipped="0">
  <testcase classname="FlipKart_TestScripts.TC1_verifyUserFK" name="testScript_verifyUser" time="25.032"/>
  <system-out/>
</testsuite> <!-- FlipKart_TestScripts.TC1_verifyUserFK -->
