<?xml version="1.0" encoding="UTF-8"?>
<!-- Generated by org.testng.reporters.JUnitReportReporter -->
<testsuite hostname="DESKTOP-GDPFCKM" failures="0" tests="1" name="testCases.TC1_ValidateUserProfile" time="19.274" errors="0" timestamp="2022-04-29T01:16:04 IST" skipped="0">
  <testcase classname="testCases.TC1_ValidateUserProfile" name="TC1_ValidateUserProfile_test" time="19.274"/>
  <system-out/>
</testsuite> <!-- testCases.TC1_ValidateUserProfile -->
